c:\users\therdes\documents\visual studio 2015\projects\polygonscanline\polygonscanline\debug\vc140.pdb
c:\users\therdes\documents\visual studio 2015\projects\polygonscanline\polygonscanline\debug\vc140.idb
c:\users\therdes\documents\visual studio 2015\projects\polygonscanline\polygonscanline\debug\main.nativecodeanalysis.xml
c:\users\therdes\documents\visual studio 2015\projects\polygonscanline\polygonscanline\debug\polygonscanline.nativecodeanalysis.xml
c:\users\therdes\documents\visual studio 2015\projects\polygonscanline\polygonscanline\debug\polygonscanline.obj
c:\users\therdes\documents\visual studio 2015\projects\polygonscanline\polygonscanline\debug\main.obj
c:\users\therdes\documents\visual studio 2015\projects\polygonscanline\polygonscanline\debug\newedgetable.obj
c:\users\therdes\documents\visual studio 2015\projects\polygonscanline\polygonscanline\debug\utils.obj
c:\users\therdes\documents\visual studio 2015\projects\polygonscanline\debug\polygonscanline.ilk
c:\users\therdes\documents\visual studio 2015\projects\polygonscanline\debug\polygonscanline.exe
c:\users\therdes\documents\visual studio 2015\projects\polygonscanline\debug\polygonscanline.pdb
c:\users\therdes\documents\visual studio 2015\projects\polygonscanline\polygonscanline\debug\nativecodeanalysis.read.1.tlog
c:\users\therdes\documents\visual studio 2015\projects\polygonscanline\polygonscanline\debug\vc.nativecodeanalysis.all.xml
c:\users\therdes\documents\visual studio 2015\projects\polygonscanline\debug\polygonscanline.exe.lastcodeanalysissucceeded
c:\users\therdes\documents\visual studio 2015\projects\polygonscanline\polygonscanline\debug\polygonscanline.tlog\cl.command.1.tlog
c:\users\therdes\documents\visual studio 2015\projects\polygonscanline\polygonscanline\debug\polygonscanline.tlog\cl.read.1.tlog
c:\users\therdes\documents\visual studio 2015\projects\polygonscanline\polygonscanline\debug\polygonscanline.tlog\cl.write.1.tlog
c:\users\therdes\documents\visual studio 2015\projects\polygonscanline\polygonscanline\debug\polygonscanline.tlog\link.command.1.tlog
c:\users\therdes\documents\visual studio 2015\projects\polygonscanline\polygonscanline\debug\polygonscanline.tlog\link.read.1.tlog
c:\users\therdes\documents\visual studio 2015\projects\polygonscanline\polygonscanline\debug\polygonscanline.tlog\link.write.1.tlog
